[0m[[0mdebug[0m] [0mRunning TaskDef(pl.elka.pw.sparkseq.seqAnalysis.SparkSeqAnalysisSuite, org.scalatest.tools.Framework$$anon$1@456a8423, false, [SuiteSelector])[0m
[0m[[0minfo[0m] [0m[36mRun completed in 7 seconds, 619 milliseconds.[0m[0m
[0m[[0minfo[0m] [0m[36mTotal number of tests run: 3[0m[0m
[0m[[0minfo[0m] [0m[36mSuites: completed 1, aborted 0[0m[0m
[0m[[0minfo[0m] [0m[36mTests: succeeded 0, failed 3, canceled 0, ignored 0, pending 0[0m[0m
[0m[[0minfo[0m] [0m[31m*** 3 TESTS FAILED ***[0m[0m
[0m[[31merror[0m] [0mFailed tests:[0m
[0m[[31merror[0m] [0m	pl.elka.pw.sparkseq.seqAnalysis.SparkSeqAnalysisSuite[0m
[0m[[31merror[0m] [0m(sparkseq-core/test:[31mtest[0m) sbt.TestsFailedException: Tests unsuccessful[0m
